Log file open, 03/17/20 22:17:04
LogWindows: Failed to load 'aqProf.dll' (GetLastError=126)
LogWindows: File 'aqProf.dll' does not exist
LogWindows: Failed to load 'VtuneApi.dll' (GetLastError=126)
LogWindows: File 'VtuneApi.dll' does not exist
LogWindows: Failed to load 'VtuneApi32e.dll' (GetLastError=126)
LogWindows: File 'VtuneApi32e.dll' does not exist
LogConsoleResponse: Display: Failed to find resolution value strings in scalability ini. Falling back to default.
LogInit: Display: Running engine for game: Asteroids_2020
LogPakFile: Registered encryption key '00000000000000000000000000000000': 0 pak files mounted, 0 remain pending
LogPlatformFile: Not using cached read wrapper
LogTaskGraph: Started task graph with 5 named threads and 35 total threads with 3 sets of task threads.
LogStats: Stats thread started at 0.454106
LogD3D11RHI: Loaded GFSDK_Aftermath_Lib.x64.dll
LogICUInternationalization: ICU TimeZone Detection - Raw Offset: +0:00, Platform Override: ''
LogPluginManager: Mounting plugin Paper2D
LogPluginManager: Mounting plugin AISupport
LogPluginManager: Mounting plugin LightPropagationVolume
LogPluginManager: Mounting plugin ActorLayerUtilities
LogPluginManager: Mounting plugin CLionSourceCodeAccess
LogPluginManager: Mounting plugin CodeLiteSourceCodeAccess
LogPluginManager: Mounting plugin GitSourceControl
LogPluginManager: Mounting plugin KDevelopSourceCodeAccess
LogPluginManager: Mounting plugin NullSourceCodeAccess
LogPluginManager: Mounting plugin PerforceSourceControl
LogPluginManager: Mounting plugin SubversionSourceControl
LogPluginManager: Mounting plugin UObjectPlugin
LogPluginManager: Mounting plugin VisualStudioCodeSourceCodeAccess
LogPluginManager: Mounting plugin VisualStudioSourceCodeAccess
LogPluginManager: Mounting plugin XCodeSourceCodeAccess
LogPluginManager: Mounting plugin AssetManagerEditor
LogPluginManager: Mounting plugin CryptoKeys
LogPluginManager: Mounting plugin DataValidation
LogPluginManager: Mounting plugin FacialAnimation
LogPluginManager: Mounting plugin GameplayTagsEditor
LogPluginManager: Mounting plugin MacGraphicsSwitching
LogPluginManager: Mounting plugin MeshEditor
LogPluginManager: Mounting plugin MobileLauncherProfileWizard
LogPluginManager: Mounting plugin PluginBrowser
LogPluginManager: Mounting plugin SpeedTreeImporter
LogPluginManager: Mounting plugin DatasmithContent
LogPluginManager: Mounting plugin VariantManagerContent
LogPluginManager: Mounting plugin AlembicImporter
LogPluginManager: Mounting plugin AppleImageUtils
LogPluginManager: Mounting plugin AppleVision
LogPluginManager: Mounting plugin BackChannel
LogPluginManager: Mounting plugin CharacterAI
LogPluginManager: Mounting plugin GeometryCache
LogPluginManager: Mounting plugin HTML5Networking
LogPluginManager: Mounting plugin ProxyLODPlugin
LogPluginManager: Mounting plugin MagicLeap
LogPluginManager: Mounting plugin MagicLeapMedia
LogPluginManager: Mounting plugin AndroidMedia
LogPluginManager: Mounting plugin AvfMedia
LogPluginManager: Mounting plugin ImgMedia
LogPluginManager: Mounting plugin LinearTimecode
LogPluginManager: Mounting plugin MediaCompositing
LogPluginManager: Mounting plugin MediaPlayerEditor
LogPluginManager: Mounting plugin WebMMedia
LogPluginManager: Mounting plugin WmfMedia
LogPluginManager: Mounting plugin TcpMessaging
LogPluginManager: Mounting plugin UdpMessaging
LogPluginManager: Mounting plugin ActorSequence
LogPluginManager: Mounting plugin LevelSequenceEditor
LogPluginManager: Mounting plugin MatineeToLevelSequence
LogPluginManager: Mounting plugin NetcodeUnitTest
LogPluginManager: Mounting plugin NUTUnrealEngine4
LogPluginManager: Mounting plugin OnlineSubsystemGooglePlay
LogPluginManager: Mounting plugin OnlineSubsystemIOS
LogPluginManager: Mounting plugin OnlineSubsystem
LogPluginManager: Mounting plugin OnlineSubsystemNull
LogPluginManager: Mounting plugin OnlineSubsystemUtils
LogPluginManager: Mounting plugin LauncherChunkInstaller
LogPluginManager: Mounting plugin AndroidDeviceProfileSelector
LogPluginManager: Mounting plugin AndroidMoviePlayer
LogPluginManager: Mounting plugin AndroidPermission
LogPluginManager: Mounting plugin ApexDestruction
LogPluginManager: Mounting plugin AppleMoviePlayer
LogPluginManager: Mounting plugin ArchVisCharacter
LogPluginManager: Mounting plugin AudioCapture
LogPluginManager: Mounting plugin CableComponent
LogPluginManager: Mounting plugin CustomMeshComponent
LogPluginManager: Mounting plugin EditableMesh
LogPluginManager: Mounting plugin ExampleDeviceProfileSelector
LogPluginManager: Mounting plugin Firebase
LogPluginManager: Mounting plugin GoogleCloudMessaging
LogPluginManager: Mounting plugin IOSDeviceProfileSelector
LogPluginManager: Mounting plugin LinuxDeviceProfileSelector
LogPluginManager: Mounting plugin LocationServicesBPLibrary
LogPluginManager: Mounting plugin MobilePatchingUtils
LogPluginManager: Mounting plugin OculusVR
LogPluginManager: Mounting plugin PhysXVehicles
LogPluginManager: Mounting plugin ProceduralMeshComponent
LogPluginManager: Mounting plugin RuntimePhysXCooking
LogPluginManager: Mounting plugin SteamVR
LogPluginManager: Mounting plugin WebMMoviePlayer
LogPluginManager: Mounting plugin WindowsMoviePlayer
LogPluginManager: Mounting plugin UnrealEnginePython
LogStreaming: Display: Took  0.131s to configure plugins.
LogInit: Using libcurl 7.55.1-DEV
LogInit:  - built for x86_64-pc-win32
LogInit:  - supports SSL with OpenSSL/1.0.2h
LogInit:  - supports HTTP deflate (compression) using libz 1.2.8
LogInit:  - other features:
LogInit:      CURL_VERSION_SSL
LogInit:      CURL_VERSION_LIBZ
LogInit:      CURL_VERSION_IPV6
LogInit:      CURL_VERSION_ASYNCHDNS
LogInit:      CURL_VERSION_LARGEFILE
LogInit:      CURL_VERSION_IDN
LogInit:  CurlRequestOptions (configurable via config and command line):
LogInit:  - bVerifyPeer = true  - Libcurl will verify peer certificate
LogInit:  - bUseHttpProxy = false  - Libcurl will NOT use HTTP proxy
LogInit:  - bDontReuseConnections = false  - Libcurl will reuse connections
LogInit:  - MaxHostConnections = 16  - Libcurl will limit the number of connections to a host
LogInit:  - LocalHostAddr = Default
LogInit:  - BufferSize = 65536
LogInit: WinSock: version 1.1 (2.2), MaxSocks=32767, MaxUdp=65467
LogInit: Build: ++UE4+Release-4.21-CL-4753647
LogInit: Engine Version: 4.21.2-4753647+++UE4+Release-4.21
LogInit: Compatible Engine Version: 4.21.0-4541578+++UE4+Release-4.21
LogInit: Net CL: 4541578
LogInit: OS: Windows 10 (), CPU:       Intel(R) Xeon(R) CPU E5-1650 v2 @ 3.50GHz, GPU: NVIDIA Quadro K2000
LogInit: Compiled (64-bit): Jan 19 2019 02:07:31
LogInit: Compiled with Visual C++: 19.13.26129.00
LogInit: Build Configuration: Development
LogInit: Branch Name: ++UE4+Release-4.21
LogInit: Command Line: 
LogInit: Base Directory: C:/Program Files/Epic Games/UE_4.21/Engine/Binaries/Win64/
LogInit: Installed Engine Build: 1
LogDevObjectVersion: Number of dev versions registered: 22
LogDevObjectVersion:   Dev-Blueprints (B0D832E4-1F89-4F0D-ACCF-7EB736FD4AA2): 10
LogDevObjectVersion:   Dev-Build (E1C64328-A22C-4D53-A36C-8E866417BD8C): 0
LogDevObjectVersion:   Dev-Core (375EC13C-06E4-48FB-B500-84F0262A717E): 2
LogDevObjectVersion:   Dev-Editor (E4B068ED-F494-42E9-A231-DA0B2E46BB41): 26
LogDevObjectVersion:   Dev-Framework (CFFC743F-43B0-4480-9391-14DF171D2073): 34
LogDevObjectVersion:   Dev-Mobile (B02B49B5-BB20-44E9-A304-32B752E40360): 2
LogDevObjectVersion:   Dev-Networking (A4E4105C-59A1-49B5-A7C5-40C4547EDFEE): 0
LogDevObjectVersion:   Dev-Online (39C831C9-5AE6-47DC-9A44-9C173E1C8E7C): 0
LogDevObjectVersion:   Dev-Physics (78F01B33-EBEA-4F98-B9B4-84EACCB95AA2): 0
LogDevObjectVersion:   Dev-Platform (6631380F-2D4D-43E0-8009-CF276956A95A): 0
LogDevObjectVersion:   Dev-Rendering (12F88B9F-8875-4AFC-A67C-D90C383ABD29): 27
LogDevObjectVersion:   Dev-Sequencer (7B5AE74C-D270-4C10-A958-57980B212A5A): 9
LogDevObjectVersion:   Dev-VR (D7296918-1DD6-4BDD-9DE2-64A83CC13884): 2
LogDevObjectVersion:   Dev-LoadTimes (C2A15278-BFE7-4AFE-6C17-90FF531DF755): 1
LogDevObjectVersion:   Private-Geometry (6EACA3D4-40EC-4CC1-B786-8BED09428FC5): 3
LogDevObjectVersion:   Dev-AnimPhys (29E575DD-E0A3-4627-9D10-D276232CDCEA): 17
LogDevObjectVersion:   Dev-Anim (AF43A65D-7FD3-4947-9873-3E8ED9C1BB05): 2
LogDevObjectVersion:   Dev-ReflectionCapture (6B266CEC-1EC7-4B8F-A30B-E4D90942FC07): 1
LogDevObjectVersion:   Dev-Automation (0DF73D61-A23F-47EA-B727-89E90C41499A): 1
LogDevObjectVersion:   FortniteMain (601D1886-AC64-4F84-AA16-D3DE0DEAC7D6): 17
LogDevObjectVersion:   Dev-Enterprise (9DFFBCD6-494F-0158-E221-12823C92A888): 4
LogDevObjectVersion:   Dev-Niagara (F2AED0AC-9AFE-416F-8664-AA7FFA26D6FC): 1
LogStreaming: Display: Took  0.005s to delete old logs.
LogInit: Presizing for max 8388607 objects, including 0 objects not considered by GC, pre-allocating 0 bytes for permanent pool.
LogInit: Object subsystem initialized
LogConfig: Setting CVar [[con.DebugEarlyDefault:1]]
LogConfig: Setting CVar [[r.setres:1280x720]]
[2020.03.17-22.17.05:259][  0]LogConfig: Setting CVar [[r.VSync:0]]
[2020.03.17-22.17.05:259][  0]LogConfig: Setting CVar [[r.RHICmdBypass:0]]
[2020.03.17-22.17.05:259][  0]LogConfig: Applying CVar settings from Section [/Script/Engine.RendererSettings] File [C:/Users/admin/Documents/GitHub/Atlas-Studios/Asteroids_2020/Saved/Config/Windows/Engine.ini]
[2020.03.17-22.17.05:259][  0]LogConfig: Setting CVar [[r.GPUCrashDebugging:0]]
[2020.03.17-22.17.05:259][  0]LogConfig: Setting CVar [[r.DefaultFeature.AutoExposure:0]]
[2020.03.17-22.17.05:259][  0]LogConfig: Setting CVar [[r.DefaultFeature.AutoExposure.Method:0]]
[2020.03.17-22.17.05:259][  0]LogConfig: Applying CVar settings from Section [/Script/Engine.RendererOverrideSettings] File [C:/Users/admin/Documents/GitHub/Atlas-Studios/Asteroids_2020/Saved/Config/Windows/Engine.ini]
[2020.03.17-22.17.05:259][  0]LogConfig: Applying CVar settings from Section [/Script/Engine.StreamingSettings] File [C:/Users/admin/Documents/GitHub/Atlas-Studios/Asteroids_2020/Saved/Config/Windows/Engine.ini]
[2020.03.17-22.17.05:259][  0]LogConfig: Setting CVar [[s.MinBulkDataSizeForAsyncLoading:131072]]
[2020.03.17-22.17.05:259][  0]LogConfig: Setting CVar [[s.AsyncLoadingThreadEnabled:0]]
[2020.03.17-22.17.05:259][  0]LogConfig: Setting CVar [[s.EventDrivenLoaderEnabled:1]]
[2020.03.17-22.17.05:259][  0]LogConfig: Setting CVar [[s.WarnIfTimeLimitExceeded:0]]
[2020.03.17-22.17.05:259][  0]LogConfig: Setting CVar [[s.TimeLimitExceededMultiplier:1.5]]
[2020.03.17-22.17.05:259][  0]LogConfig: Setting CVar [[s.TimeLimitExceededMinTime:0.005]]
[2020.03.17-22.17.05:259][  0]LogConfig: Setting CVar [[s.UseBackgroundLevelStreaming:1]]
[2020.03.17-22.17.05:259][  0]LogConfig: Setting CVar [[s.PriorityAsyncLoadingExtraTime:15.0]]
[2020.03.17-22.17.05:259][  0]LogConfig: Setting CVar [[s.LevelStreamingActorsUpdateTimeLimit:5.0]]
[2020.03.17-22.17.05:259][  0]LogConfig: Setting CVar [[s.PriorityLevelStreamingActorsUpdateExtraTime:5.0]]
[2020.03.17-22.17.05:260][  0]LogConfig: Setting CVar [[s.LevelStreamingComponentsRegistrationGranularity:10]]
[2020.03.17-22.17.05:260][  0]LogConfig: Setting CVar [[s.UnregisterComponentsTimeLimit:1.0]]
[2020.03.17-22.17.05:260][  0]LogConfig: Setting CVar [[s.LevelStreamingComponentsUnregistrationGranularity:5]]
[2020.03.17-22.17.05:260][  0]LogConfig: Applying CVar settings from Section [/Script/Engine.GarbageCollectionSettings] File [C:/Users/admin/Documents/GitHub/Atlas-Studios/Asteroids_2020/Saved/Config/Windows/Engine.ini]
[2020.03.17-22.17.05:260][  0]LogConfig: Setting CVar [[gc.MaxObjectsNotConsideredByGC:1]]
[2020.03.17-22.17.05:260][  0]LogConfig: Setting CVar [[gc.SizeOfPermanentObjectPool:0]]
[2020.03.17-22.17.05:260][  0]LogConfig: Setting CVar [[gc.FlushStreamingOnGC:0]]
[2020.03.17-22.17.05:260][  0]LogConfig: Setting CVar [[gc.NumRetriesBeforeForcingGC:10]]
[2020.03.17-22.17.05:260][  0]LogConfig: Setting CVar [[gc.AllowParallelGC:1]]
[2020.03.17-22.17.05:260][  0]LogConfig: Setting CVar [[gc.TimeBetweenPurgingPendingKillObjects:61.1]]
[2020.03.17-22.17.05:260][  0]LogConfig: Setting CVar [[gc.MaxObjectsInEditor:8388607]]
[2020.03.17-22.17.05:260][  0]LogConfig: Setting CVar [[gc.IncrementalBeginDestroyEnabled:1]]
[2020.03.17-22.17.05:260][  0]LogConfig: Setting CVar [[gc.CreateGCClusters:1]]
[2020.03.17-22.17.05:260][  0]LogConfig: Setting CVar [[gc.MergeGCClusters:0]]
[2020.03.17-22.17.05:260][  0]LogConfig: Setting CVar [[gc.MinGCClusterSize:5]]
[2020.03.17-22.17.05:260][  0]LogConfig: Setting CVar [[gc.ActorClusteringEnabled:0]]
[2020.03.17-22.17.05:260][  0]LogConfig: Setting CVar [[gc.BlueprintClusteringEnabled:0]]
[2020.03.17-22.17.05:260][  0]LogConfig: Setting CVar [[gc.UseDisregardForGCOnDedicatedServers:0]]
[2020.03.17-22.17.05:260][  0]LogConfig: Applying CVar settings from Section [/Script/Engine.NetworkSettings] File [C:/Users/admin/Documents/GitHub/Atlas-Studios/Asteroids_2020/Saved/Config/Windows/Engine.ini]
[2020.03.17-22.17.05:260][  0]LogConfig: Applying CVar settings from Section [/Script/UnrealEd.CookerSettings] File [C:/Users/admin/Documents/GitHub/Atlas-Studios/Asteroids_2020/Saved/Config/Windows/Engine.ini]
[2020.03.17-22.17.05:265][  0]LogConfig: Applying CVar settings from Section [ViewDistanceQuality@3] File [C:/Users/admin/Documents/GitHub/Atlas-Studios/Asteroids_2020/Saved/Config/Windows/Scalability.ini]
[2020.03.17-22.17.05:265][  0]LogConfig: Setting CVar [[r.SkeletalMeshLODBias:0]]
[2020.03.17-22.17.05:265][  0]LogConfig: Setting CVar [[r.ViewDistanceScale:1.0]]
[2020.03.17-22.17.05:265][  0]LogConfig: Applying CVar settings from Section [AntiAliasingQuality@3] File [C:/Users/admin/Documents/GitHub/Atlas-Studios/Asteroids_2020/Saved/Config/Windows/Scalability.ini]
[2020.03.17-22.17.05:265][  0]LogConfig: Setting CVar [[r.PostProcessAAQuality:4]]
[2020.03.17-22.17.05:265][  0]LogConfig: Applying CVar settings from Section [ShadowQuality@3] File [C:/Users/admin/Documents/GitHub/Atlas-Studios/Asteroids_2020/Saved/Config/Windows/Scalability.ini]
[2020.03.17-22.17.05:265][  0]LogConfig: Setting CVar [[r.LightFunctionQuality:1]]
[2020.03.17-22.17.05:265][  0]LogConfig: Setting CVar [[r.ShadowQuality:5]]
[2020.03.17-22.17.05:265][  0]LogConfig: Setting CVar [[r.Shadow.CSM.MaxCascades:10]]
[2020.03.17-22.17.05:265][  0]LogConfig: Setting CVar [[r.Shadow.MaxResolution:2048]]
[2020.03.17-22.17.05:265][  0]LogConfig: Setting CVar [[r.Shadow.MaxCSMResolution:2048]]
[2020.03.17-22.17.05:265][  0]LogConfig: Setting CVar [[r.Shadow.RadiusThreshold:0.01]]
[2020.03.17-22.17.05:265][  0]LogConfig: Setting CVar [[r.Shadow.DistanceScale:1.0]]
[2020.03.17-22.17.05:265][  0]LogConfig: Setting CVar [[r.Shadow.CSM.TransitionScale:1.0]]
[2020.03.17-22.17.05:265][  0]LogConfig: Setting CVar [[r.Shadow.PreShadowResolutionFactor:1.0]]
[2020.03.17-22.17.05:265][  0]LogConfig: Setting CVar [[r.DistanceFieldShadowing:1]]
[2020.03.17-22.17.05:265][  0]LogConfig: Setting CVar [[r.DistanceFieldAO:1]]
[2020.03.17-22.17.05:265][  0]LogConfig: Setting CVar [[r.AOQuality:2]]
[2020.03.17-22.17.05:265][  0]LogConfig: Setting CVar [[r.VolumetricFog:1]]
[2020.03.17-22.17.05:265][  0]LogConfig: Setting CVar [[r.VolumetricFog.GridPixelSize:8]]
[2020.03.17-22.17.05:265][  0]LogConfig: Setting CVar [[r.VolumetricFog.GridSizeZ:128]]
[2020.03.17-22.17.05:265][  0]LogConfig: Setting CVar [[r.VolumetricFog.HistoryMissSupersampleCount:4]]
[2020.03.17-22.17.05:265][  0]LogConfig: Setting CVar [[r.LightMaxDrawDistanceScale:1]]
[2020.03.17-22.17.05:266][  0]LogConfig: Setting CVar [[r.CapsuleShadows:1]]
[2020.03.17-22.17.05:266][  0]LogConfig: Applying CVar settings from Section [PostProcessQuality@3] File [C:/Users/admin/Documents/GitHub/Atlas-Studios/Asteroids_2020/Saved/Config/Windows/Scalability.ini]
[2020.03.17-22.17.05:266][  0]LogConfig: Setting CVar [[r.MotionBlurQuality:4]]
[2020.03.17-22.17.05:266][  0]LogConfig: Setting CVar [[r.AmbientOcclusionMipLevelFactor:0.4]]
[2020.03.17-22.17.05:266][  0]LogConfig: Setting CVar [[r.AmbientOcclusionMaxQuality:100]]
[2020.03.17-22.17.05:266][  0]LogConfig: Setting CVar [[r.AmbientOcclusionLevels:-1]]
[2020.03.17-22.17.05:266][  0]LogConfig: Setting CVar [[r.AmbientOcclusionRadiusScale:1.0]]
[2020.03.17-22.17.05:266][  0]LogConfig: Setting CVar [[r.DepthOfFieldQuality:2]]
[2020.03.17-22.17.05:266][  0]LogConfig: Setting CVar [[r.RenderTargetPoolMin:400]]
[2020.03.17-22.17.05:266][  0]LogConfig: Setting CVar [[r.LensFlareQuality:2]]
[2020.03.17-22.17.05:266][  0]LogConfig: Setting CVar [[r.SceneColorFringeQuality:1]]
[2020.03.17-22.17.05:266][  0]LogConfig: Setting CVar [[r.EyeAdaptationQuality:2]]
[2020.03.17-22.17.05:266][  0]LogConfig: Setting CVar [[r.BloomQuality:5]]
[2020.03.17-22.17.05:266][  0]LogConfig: Setting CVar [[r.FastBlurThreshold:100]]
[2020.03.17-22.17.05:266][  0]LogConfig: Setting CVar [[r.Upscale.Quality:3]]
[2020.03.17-22.17.05:266][  0]LogConfig: Setting CVar [[r.Tonemapper.GrainQuantization:1]]
[2020.03.17-22.17.05:266][  0]LogConfig: Setting CVar [[r.LightShaftQuality:1]]
[2020.03.17-22.17.05:266][  0]LogConfig: Setting CVar [[r.Filter.SizeScale:1]]
[2020.03.17-22.17.05:266][  0]LogConfig: Setting CVar [[r.Tonemapper.Quality:5]]
[2020.03.17-22.17.05:266][  0]LogConfig: Setting CVar [[r.DOF.Gather.AccumulatorQuality:1        ; higher gathering accumulator quality]]
[2020.03.17-22.17.05:266][  0]LogConfig: Setting CVar [[r.DOF.Gather.PostfilterMethod:1          ; Median3x3 postfilering method]]
[2020.03.17-22.17.05:266][  0]LogConfig: Setting CVar [[r.DOF.Gather.EnableBokehSettings:0       ; no bokeh simulation when gathering]]
[2020.03.17-22.17.05:266][  0]LogConfig: Setting CVar [[r.DOF.Gather.RingCount:4                 ; medium number of samples when gathering]]
[2020.03.17-22.17.05:266][  0]LogConfig: Setting CVar [[r.DOF.Scatter.ForegroundCompositing:1    ; additive foreground scattering]]
[2020.03.17-22.17.05:266][  0]LogConfig: Setting CVar [[r.DOF.Scatter.BackgroundCompositing:2    ; additive background scattering]]
[2020.03.17-22.17.05:266][  0]LogConfig: Setting CVar [[r.DOF.Scatter.EnableBokehSettings:1      ; bokeh simulation when scattering]]
[2020.03.17-22.17.05:266][  0]LogConfig: Setting CVar [[r.DOF.Scatter.MaxSpriteRatio:0.1         ; only a maximum of 10% of scattered bokeh]]
[2020.03.17-22.17.05:266][  0]LogConfig: Setting CVar [[r.DOF.Recombine.Quality:1                ; cheap slight out of focus]]
[2020.03.17-22.17.05:266][  0]LogConfig: Setting CVar [[r.DOF.Recombine.EnableBokehSettings:0    ; no bokeh simulation on slight out of focus]]
[2020.03.17-22.17.05:266][  0]LogConfig: Setting CVar [[r.DOF.TemporalAAQuality:1                ; more stable temporal accumulation]]
[2020.03.17-22.17.05:266][  0]LogConfig: Setting CVar [[r.DOF.Kernel.MaxForegroundRadius:0.025]]
[2020.03.17-22.17.05:266][  0]LogConfig: Setting CVar [[r.DOF.Kernel.MaxBackgroundRadius:0.025]]
[2020.03.17-22.17.05:266][  0]LogConfig: Applying CVar settings from Section [TextureQuality@3] File [C:/Users/admin/Documents/GitHub/Atlas-Studios/Asteroids_2020/Saved/Config/Windows/Scalability.ini]
[2020.03.17-22.17.05:266][  0]LogConfig: Setting CVar [[r.Streaming.MipBias:0]]
[2020.03.17-22.17.05:266][  0]LogConfig: Setting CVar [[r.Streaming.AmortizeCPUToGPUCopy:0]]
[2020.03.17-22.17.05:266][  0]LogConfig: Setting CVar [[r.Streaming.MaxNumTexturesToStreamPerFrame:0]]
[2020.03.17-22.17.05:266][  0]LogConfig: Setting CVar [[r.Streaming.Boost:1]]
[2020.03.17-22.17.05:266][  0]LogConfig: Setting CVar [[r.MaxAnisotropy:8]]
[2020.03.17-22.17.05:266][  0]LogConfig: Setting CVar [[r.Streaming.LimitPoolSizeToVRAM:0]]
[2020.03.17-22.17.05:266][  0]LogConfig: Setting CVar [[r.Streaming.PoolSize:1000]]
[2020.03.17-22.17.05:266][  0]LogConfig: Setting CVar [[r.Streaming.MaxEffectiveScreenSize:0]]
[2020.03.17-22.17.05:266][  0]LogConfig: Applying CVar settings from Section [EffectsQuality@3] File [C:/Users/admin/Documents/GitHub/Atlas-Studios/Asteroids_2020/Saved/Config/Windows/Scalability.ini]
[2020.03.17-22.17.05:266][  0]LogConfig: Setting CVar [[r.TranslucencyLightingVolumeDim:64]]
[2020.03.17-22.17.05:266][  0]LogConfig: Setting CVar [[r.RefractionQuality:2]]
[2020.03.17-22.17.05:266][  0]LogConfig: Setting CVar [[r.SSR.Quality:3]]
[2020.03.17-22.17.05:266][  0]LogConfig: Setting CVar [[r.SceneColorFormat:4]]
[2020.03.17-22.17.05:266][  0]LogConfig: Setting CVar [[r.DetailMode:2]]
[2020.03.17-22.17.05:266][  0]LogConfig: Setting CVar [[r.TranslucencyVolumeBlur:1]]
[2020.03.17-22.17.05:266][  0]LogConfig: Setting CVar [[r.MaterialQualityLevel:1 ; High quality]]
[2020.03.17-22.17.05:266][  0]LogConfig: Setting CVar [[r.SSS.Scale:1]]
[2020.03.17-22.17.05:266][  0]LogConfig: Setting CVar [[r.SSS.SampleSet:2]]
[2020.03.17-22.17.05:266][  0]LogConfig: Setting CVar [[r.SSS.Quality:1]]
[2020.03.17-22.17.05:266][  0]LogConfig: Setting CVar [[r.SSS.HalfRes:1]]
[2020.03.17-22.17.05:266][  0]LogConfig: Setting CVar [[r.EmitterSpawnRateScale:1.0]]
[2020.03.17-22.17.05:266][  0]LogConfig: Setting CVar [[r.ParticleLightQuality:2]]
[2020.03.17-22.17.05:266][  0]LogConfig: Applying CVar settings from Section [FoliageQuality@3] File [C:/Users/admin/Documents/GitHub/Atlas-Studios/Asteroids_2020/Saved/Config/Windows/Scalability.ini]
[2020.03.17-22.17.05:266][  0]LogConfig: Setting CVar [[foliage.DensityScale:1.0]]
[2020.03.17-22.17.05:266][  0]LogConfig: Setting CVar [[grass.DensityScale:1.0]]
[2020.03.17-22.17.05:266][  0]LogInit: Selected Device Profile: [Windows]
[2020.03.17-22.17.05:266][  0]LogInit: Applying CVar settings loaded from the selected device profile: [Windows]
[2020.03.17-22.17.05:276][  0]LogHAL: Display: Platform has ~ 32 GB [34301190144 / 34359738368 / 32], which maps to Largest [LargestMinGB=32, LargerMinGB=12, DefaultMinGB=8, SmallerMinGB=6, SmallestMinGB=0)
[2020.03.17-22.17.05:276][  0]LogConfig: Setting CVar [[r.Vulkan.UseRealUBs:1]]
[2020.03.17-22.17.05:276][  0]LogInit: Going up to parent DeviceProfile []
[2020.03.17-22.17.05:276][  0]LogConfig: Applying CVar settings from Section [ViewDistanceQuality@3] File [C:/Users/admin/Documents/GitHub/Atlas-Studios/Asteroids_2020/Saved/Config/Windows/Scalability.ini]
[2020.03.17-22.17.05:276][  0]LogConfig: Setting CVar [[r.SkeletalMeshLODBias:0]]
[2020.03.17-22.17.05:277][  0]LogConfig: Setting CVar [[r.ViewDistanceScale:1.0]]
[2020.03.17-22.17.05:277][  0]LogConfig: Applying CVar settings from Section [AntiAliasingQuality@3] File [C:/Users/admin/Documents/GitHub/Atlas-Studios/Asteroids_2020/Saved/Config/Windows/Scalability.ini]
[2020.03.17-22.17.05:277][  0]LogConfig: Setting CVar [[r.PostProcessAAQuality:4]]
[2020.03.17-22.17.05:277][  0]LogConfig: Applying CVar settings from Section [ShadowQuality@3] File [C:/Users/admin/Documents/GitHub/Atlas-Studios/Asteroids_2020/Saved/Config/Windows/Scalability.ini]
[2020.03.17-22.17.05:277][  0]LogConfig: Setting CVar [[r.LightFunctionQuality:1]]
[2020.03.17-22.17.05:277][  0]LogConfig: Setting CVar [[r.ShadowQuality:5]]
[2020.03.17-22.17.05:277][  0]LogConfig: Setting CVar [[r.Shadow.CSM.MaxCascades:10]]
[2020.03.17-22.17.05:277][  0]LogConfig: Setting CVar [[r.Shadow.MaxResolution:2048]]
[2020.03.17-22.17.05:277][  0]LogConfig: Setting CVar [[r.Shadow.MaxCSMResolution:2048]]
[2020.03.17-22.17.05:277][  0]LogConfig: Setting CVar [[r.Shadow.RadiusThreshold:0.01]]
[2020.03.17-22.17.05:277][  0]LogConfig: Setting CVar [[r.Shadow.DistanceScale:1.0]]
[2020.03.17-22.17.05:277][  0]LogConfig: Setting CVar [[r.Shadow.CSM.TransitionScale:1.0]]
[2020.03.17-22.17.05:277][  0]LogConfig: Setting CVar [[r.Shadow.PreShadowResolutionFactor:1.0]]
[2020.03.17-22.17.05:277][  0]LogConfig: Setting CVar [[r.DistanceFieldShadowing:1]]
[2020.03.17-22.17.05:277][  0]LogConfig: Setting CVar [[r.DistanceFieldAO:1]]
[2020.03.17-22.17.05:277][  0]LogConfig: Setting CVar [[r.AOQuality:2]]
[2020.03.17-22.17.05:277][  0]LogConfig: Setting CVar [[r.VolumetricFog:1]]
[2020.03.17-22.17.05:277][  0]LogConfig: Setting CVar [[r.VolumetricFog.GridPixelSize:8]]
[2020.03.17-22.17.05:277][  0]LogConfig: Setting CVar [[r.VolumetricFog.GridSizeZ:128]]
[2020.03.17-22.17.05:277][  0]LogConfig: Setting CVar [[r.VolumetricFog.HistoryMissSupersampleCount:4]]
[2020.03.17-22.17.05:277][  0]LogConfig: Setting CVar [[r.LightMaxDrawDistanceScale:1]]
[2020.03.17-22.17.05:277][  0]LogConfig: Setting CVar [[r.CapsuleShadows:1]]
[2020.03.17-22.17.05:277][  0]LogConfig: Applying CVar settings from Section [PostProcessQuality@3] File [C:/Users/admin/Documents/GitHub/Atlas-Studios/Asteroids_2020/Saved/Config/Windows/Scalability.ini]
[2020.03.17-22.17.05:277][  0]LogConfig: Setting CVar [[r.MotionBlurQuality:4]]
[2020.03.17-22.17.05:277][  0]LogConfig: Setting CVar [[r.AmbientOcclusionMipLevelFactor:0.4]]
[2020.03.17-22.17.05:277][  0]LogConfig: Setting CVar [[r.AmbientOcclusionMaxQuality:100]]
[2020.03.17-22.17.05:277][  0]LogConfig: Setting CVar [[r.AmbientOcclusionLevels:-1]]
[2020.03.17-22.17.05:277][  0]LogConfig: Setting CVar [[r.AmbientOcclusionRadiusScale:1.0]]
[2020.03.17-22.17.05:277][  0]LogConfig: Setting CVar [[r.DepthOfFieldQuality:2]]
[2020.03.17-22.17.05:277][  0]LogConfig: Setting CVar [[r.RenderTargetPoolMin:400]]
[2020.03.17-22.17.05:277][  0]LogConfig: Setting CVar [[r.LensFlareQuality:2]]
[2020.03.17-22.17.05:277][  0]LogConfig: Setting CVar [[r.SceneColorFringeQuality:1]]
[2020.03.17-22.17.05:277][  0]LogConfig: Setting CVar [[r.EyeAdaptationQuality:2]]
[2020.03.17-22.17.05:277][  0]LogConfig: Setting CVar [[r.BloomQuality:5]]
[2020.03.17-22.17.05:277][  0]LogConfig: Setting CVar [[r.FastBlurThreshold:100]]
[2020.03.17-22.17.05:277][  0]LogConfig: Setting CVar [[r.Upscale.Quality:3]]
[2020.03.17-22.17.05:277][  0]LogConfig: Setting CVar [[r.Tonemapper.GrainQuantization:1]]
[2020.03.17-22.17.05:277][  0]LogConfig: Setting CVar [[r.LightShaftQuality:1]]
[2020.03.17-22.17.05:277][  0]LogConfig: Setting CVar [[r.Filter.SizeScale:1]]
[2020.03.17-22.17.05:277][  0]LogConfig: Setting CVar [[r.Tonemapper.Quality:5]]
[2020.03.17-22.17.05:277][  0]LogConfig: Setting CVar [[r.DOF.Gather.AccumulatorQuality:1        ; higher gathering accumulator quality]]
[2020.03.17-22.17.05:277][  0]LogConfig: Setting CVar [[r.DOF.Gather.PostfilterMethod:1          ; Median3x3 postfilering method]]
[2020.03.17-22.17.05:277][  0]LogConfig: Setting CVar [[r.DOF.Gather.EnableBokehSettings:0       ; no bokeh simulation when gathering]]
[2020.03.17-22.17.05:277][  0]LogConfig: Setting CVar [[r.DOF.Gather.RingCount:4                 ; medium number of samples when gathering]]
[2020.03.17-22.17.05:277][  0]LogConfig: Setting CVar [[r.DOF.Scatter.ForegroundCompositing:1    ; additive foreground scattering]]
[2020.03.17-22.17.05:277][  0]LogConfig: Setting CVar [[r.DOF.Scatter.BackgroundCompositing:2    ; additive background scattering]]
[2020.03.17-22.17.05:277][  0]LogConfig: Setting CVar [[r.DOF.Scatter.EnableBokehSettings:1      ; bokeh simulation when scattering]]
[2020.03.17-22.17.05:277][  0]LogConfig: Setting CVar [[r.DOF.Scatter.MaxSpriteRatio:0.1         ; only a maximum of 10% of scattered bokeh]]
[2020.03.17-22.17.05:277][  0]LogConfig: Setting CVar [[r.DOF.Recombine.Quality:1                ; cheap slight out of focus]]
[2020.03.17-22.17.05:277][  0]LogConfig: Setting CVar [[r.DOF.Recombine.EnableBokehSettings:0    ; no bokeh simulation on slight out of focus]]
[2020.03.17-22.17.05:277][  0]LogConfig: Setting CVar [[r.DOF.TemporalAAQuality:1                ; more stable temporal accumulation]]
[2020.03.17-22.17.05:277][  0]LogConfig: Setting CVar [[r.DOF.Kernel.MaxForegroundRadius:0.025]]
[2020.03.17-22.17.05:277][  0]LogConfig: Setting CVar [[r.DOF.Kernel.MaxBackgroundRadius:0.025]]
[2020.03.17-22.17.05:277][  0]LogConfig: Applying CVar settings from Section [TextureQuality@3] File [C:/Users/admin/Documents/GitHub/Atlas-Studios/Asteroids_2020/Saved/Config/Windows/Scalability.ini]
[2020.03.17-22.17.05:277][  0]LogConfig: Setting CVar [[r.Streaming.MipBias:0]]
[2020.03.17-22.17.05:277][  0]LogConfig: Setting CVar [[r.Streaming.AmortizeCPUToGPUCopy:0]]
[2020.03.17-22.17.05:277][  0]LogConfig: Setting CVar [[r.Streaming.MaxNumTexturesToStreamPerFrame:0]]
[2020.03.17-22.17.05:277][  0]LogConfig: Setting CVar [[r.Streaming.Boost:1]]
[2020.03.17-22.17.05:277][  0]LogConfig: Setting CVar [[r.MaxAnisotropy:8]]
[2020.03.17-22.17.05:277][  0]LogConfig: Setting CVar [[r.Streaming.LimitPoolSizeToVRAM:0]]
[2020.03.17-22.17.05:277][  0]LogConfig: Setting CVar [[r.Streaming.PoolSize:1000]]
[2020.03.17-22.17.05:277][  0]LogConfig: Setting CVar [[r.Streaming.MaxEffectiveScreenSize:0]]
[2020.03.17-22.17.05:277][  0]LogConfig: Applying CVar settings from Section [EffectsQuality@3] File [C:/Users/admin/Documents/GitHub/Atlas-Studios/Asteroids_2020/Saved/Config/Windows/Scalability.ini]
[2020.03.17-22.17.05:277][  0]LogConfig: Setting CVar [[r.TranslucencyLightingVolumeDim:64]]
[2020.03.17-22.17.05:277][  0]LogConfig: Setting CVar [[r.RefractionQuality:2]]
[2020.03.17-22.17.05:277][  0]LogConfig: Setting CVar [[r.SSR.Quality:3]]
[2020.03.17-22.17.05:277][  0]LogConfig: Setting CVar [[r.SceneColorFormat:4]]
[2020.03.17-22.17.05:277][  0]LogConfig: Setting CVar [[r.DetailMode:2]]
[2020.03.17-22.17.05:278][  0]LogConfig: Setting CVar [[r.TranslucencyVolumeBlur:1]]
[2020.03.17-22.17.05:278][  0]LogConfig: Setting CVar [[r.MaterialQualityLevel:1 ; High quality]]
[2020.03.17-22.17.05:278][  0]LogConfig: Setting CVar [[r.SSS.Scale:1]]
[2020.03.17-22.17.05:278][  0]LogConfig: Setting CVar [[r.SSS.SampleSet:2]]
[2020.03.17-22.17.05:278][  0]LogConfig: Setting CVar [[r.SSS.Quality:1]]
[2020.03.17-22.17.05:278][  0]LogConfig: Setting CVar [[r.SSS.HalfRes:1]]
[2020.03.17-22.17.05:278][  0]LogConfig: Setting CVar [[r.EmitterSpawnRateScale:1.0]]
[2020.03.17-22.17.05:278][  0]LogConfig: Setting CVar [[r.ParticleLightQuality:2]]
[2020.03.17-22.17.05:278][  0]LogConfig: Applying CVar settings from Section [FoliageQuality@3] File [C:/Users/admin/Documents/GitHub/Atlas-Studios/Asteroids_2020/Saved/Config/Windows/Scalability.ini]
[2020.03.17-22.17.05:278][  0]LogConfig: Setting CVar [[foliage.DensityScale:1.0]]
[2020.03.17-22.17.05:278][  0]LogConfig: Setting CVar [[grass.DensityScale:1.0]]
[2020.03.17-22.17.05:278][  0]LogConfig: Applying CVar settings from Section [Startup] File [../../../Engine/Config/ConsoleVariables.ini]
[2020.03.17-22.17.05:278][  0]LogConfig: Setting CVar [[net.UseAdaptiveNetUpdateFrequency:0]]
[2020.03.17-22.17.05:278][  0]LogConfig: Applying CVar settings from Section [ConsoleVariables] File [C:/Users/admin/Documents/GitHub/Atlas-Studios/Asteroids_2020/Saved/Config/Windows/Engine.ini]
[2020.03.17-22.17.05:278][  0]LogInit: Computer: DESKTOP-C5NK277
[2020.03.17-22.17.05:278][  0]LogInit: User: admin
[2020.03.17-22.17.05:278][  0]LogInit: CPU Page size=4096, Cores=6
[2020.03.17-22.17.05:278][  0]LogInit: High frequency timer resolution =10.000000 MHz
[2020.03.17-22.17.05:279][  0]LogMemory: Memory total: Physical=31.9GB (32GB approx)
[2020.03.17-22.17.05:279][  0]LogMemory: Platform Memory Stats for Windows
[2020.03.17-22.17.05:279][  0]LogMemory: Process Physical Memory: 104.53 MB used, 104.54 MB peak
[2020.03.17-22.17.05:279][  0]LogMemory: Process Virtual Memory: 98.37 MB used, 98.37 MB peak
[2020.03.17-22.17.05:279][  0]LogMemory: Physical Memory: 11627.57 MB used,  21084.60 MB free, 32712.16 MB total
[2020.03.17-22.17.05:279][  0]LogMemory: Virtual Memory: 4660.00 MB used,  134213064.00 MB free, 134217728.00 MB total
[2020.03.17-22.17.05:308][  0]LogInit: Using OS detected language (en-US).
[2020.03.17-22.17.05:308][  0]LogInit: Using OS detected locale (en-GB).
[2020.03.17-22.17.05:310][  0]LogTextLocalizationManager: No specific localization for 'en-US' exists, so the 'en' localization will be used.
[2020.03.17-22.17.05:758][  0]LogStreaming: Display: Took  0.451s to InitEngineTextLocalization.
[2020.03.17-22.17.05:758][  0]LogInit: Setting process to per monitor DPI aware
[2020.03.17-22.17.05:800][  0]LogSlate: New Slate User Created.  User Index 0, Is Virtual User: 0
[2020.03.17-22.17.05:800][  0]LogSlate: Slate User Registered.  User Index 0, Is Virtual User: 0
[2020.03.17-22.17.06:190][  0]LogHMD: Failed to initialize OpenVR with code 110
[2020.03.17-22.17.06:190][  0]LogD3D11RHI: D3D11 adapters:
[2020.03.17-22.17.06:284][  0]LogD3D11RHI:    0. 'NVIDIA Quadro K2000' (Feature Level 11_0)
[2020.03.17-22.17.06:284][  0]LogD3D11RHI:       2007/0/16356 MB DedicatedVideo/DedicatedSystem/SharedSystem, Outputs:1, VendorId:0x10de
[2020.03.17-22.17.06:287][  0]LogD3D11RHI:    1. 'Microsoft Basic Render Driver' (Feature Level 11_0)
[2020.03.17-22.17.06:287][  0]LogD3D11RHI:       0/0/16356 MB DedicatedVideo/DedicatedSystem/SharedSystem, Outputs:0, VendorId:0x1414
[2020.03.17-22.17.06:287][  0]LogD3D11RHI: Chosen D3D11 Adapter: 0
[2020.03.17-22.17.06:292][  0]LogD3D11RHI: Creating new Direct3DDevice
[2020.03.17-22.17.06:292][  0]LogD3D11RHI:     GPU DeviceId: 0xffe (for the marketing name, search the web for "GPU Device Id")
[2020.03.17-22.17.06:292][  0]LogWindows: EnumDisplayDevices:
[2020.03.17-22.17.06:293][  0]LogWindows:    0. 'NVIDIA Quadro K2000' (P:1 D:1)
[2020.03.17-22.17.06:293][  0]LogWindows:    1. 'NVIDIA Quadro K2000' (P:0 D:0)
[2020.03.17-22.17.06:294][  0]LogWindows:    2. 'NVIDIA Quadro K2000' (P:0 D:0)
[2020.03.17-22.17.06:295][  0]LogWindows:    3. 'NVIDIA Quadro K2000' (P:0 D:0)
[2020.03.17-22.17.06:295][  0]LogWindows: DebugString: FoundDriverCount:4 
[2020.03.17-22.17.06:295][  0]LogD3D11RHI:     Adapter Name: NVIDIA Quadro K2000
[2020.03.17-22.17.06:295][  0]LogD3D11RHI:   Driver Version: 431.02 (internal:26.21.14.3102, unified:431.02)
[2020.03.17-22.17.06:295][  0]LogD3D11RHI:      Driver Date: 6-3-2019
[2020.03.17-22.17.06:295][  0]LogRHI: Texture pool is 1404 MB (70% of 2007 MB)
[2020.03.17-22.17.06:358][  0]LogD3D11RHI: Async texture creation enabled
[2020.03.17-22.17.06:372][  0]LogD3D11RHI: GPU Timing Frequency: 1000.000000 (Debug: 2 1)
[2020.03.17-22.17.06:981][  0]LogTemp: Display: Loaded TP AllDesktopTargetPlatform
[2020.03.17-22.17.07:007][  0]LogTemp: Display: Loaded TP MacClientTargetPlatform
[2020.03.17-22.17.07:030][  0]LogTemp: Display: Loaded TP MacNoEditorTargetPlatform
[2020.03.17-22.17.07:050][  0]LogTemp: Display: Loaded TP MacServerTargetPlatform
[2020.03.17-22.17.07:069][  0]LogTemp: Display: Loaded TP MacTargetPlatform
[2020.03.17-22.17.07:089][  0]LogTemp: Display: Loaded TP WindowsClientTargetPlatform
[2020.03.17-22.17.07:115][  0]LogTemp: Display: Loaded TP WindowsNoEditorTargetPlatform
[2020.03.17-22.17.07:137][  0]LogTemp: Display: Loaded TP WindowsServerTargetPlatform
[2020.03.17-22.17.07:148][  0]LogTemp: Display: Loaded TP WindowsTargetPlatform
[2020.03.17-22.17.07:259][  0]LogTemp: Display: Loaded TP AndroidTargetPlatform
[2020.03.17-22.17.07:259][  0]LogTemp: Display: Loaded TP AndroidTargetPlatform
[2020.03.17-22.17.07:260][  0]LogTemp: Display: Loaded TP AndroidTargetPlatform
[2020.03.17-22.17.07:260][  0]LogTemp: Display: Loaded TP AndroidTargetPlatform
[2020.03.17-22.17.07:260][  0]LogTemp: Display: Loaded TP AndroidTargetPlatform
[2020.03.17-22.17.07:260][  0]LogTemp: Display: Loaded TP AndroidTargetPlatform
[2020.03.17-22.17.07:260][  0]LogTemp: Display: Loaded TP AndroidTargetPlatform
[2020.03.17-22.17.07:260][  0]LogTemp: Display: Loaded TP AndroidTargetPlatform
[2020.03.17-22.17.07:260][  0]LogTemp: Display: Loaded TP AndroidTargetPlatform
[2020.03.17-22.17.07:260][  0]LogTemp: Display: Loaded TP AndroidTargetPlatform
[2020.03.17-22.17.07:260][  0]LogTemp: Display: Loaded TP AndroidTargetPlatform
[2020.03.17-22.17.07:260][  0]LogTemp: Display: Loaded TP AndroidTargetPlatform
[2020.03.17-22.17.07:260][  0]LogTemp: Display: Loaded TP AndroidTargetPlatform
[2020.03.17-22.17.07:260][  0]LogTemp: Display: Loaded TP AndroidTargetPlatform
[2020.03.17-22.17.07:260][  0]LogTemp: Display: Loaded TP AndroidTargetPlatform
[2020.03.17-22.17.07:260][  0]LogTemp: Display: Loaded TP AndroidTargetPlatform
[2020.03.17-22.17.07:260][  0]LogTemp: Display: Loaded TP AndroidTargetPlatform
[2020.03.17-22.17.07:260][  0]LogTemp: Display: Loaded TP AndroidTargetPlatform
[2020.03.17-22.17.07:262][  0]LogTemp: Display: Loaded TP HTML5TargetPlatform
[2020.03.17-22.17.07:338][  0]LogTemp: Display: Loaded TP IOSTargetPlatform
[2020.03.17-22.17.07:338][  0]LogTemp: Display: Loaded TP IOSTargetPlatform
[2020.03.17-22.17.07:373][  0]LogTemp: Display: Loaded TP TVOSTargetPlatform
[2020.03.17-22.17.07:373][  0]LogTemp: Display: Loaded TP TVOSTargetPlatform
[2020.03.17-22.17.07:390][  0]LogTemp: Display: Loaded TP LinuxClientTargetPlatform
[2020.03.17-22.17.07:408][  0]LogTemp: Display: Loaded TP LinuxNoEditorTargetPlatform
[2020.03.17-22.17.07:427][  0]LogTemp: Display: Loaded TP LinuxServerTargetPlatform
[2020.03.17-22.17.07:448][  0]LogTemp: Display: Loaded TP LinuxTargetPlatform
[2020.03.17-22.17.07:522][  0]LogTemp: Display: Loaded TP LuminTargetPlatform
[2020.03.17-22.17.07:523][  0]LogTemp: Display: Loaded TP LuminTargetPlatform
[2020.03.17-22.17.07:523][  0]LogTargetPlatformManager: Display: Building Assets For Windows
[2020.03.17-22.17.07:634][  0]LogShaderCompilers: Guid format shader working directory is -29 characters bigger than the processId version (../../../../../../Users/admin/Documents/GitHub/Atlas-Studios/Asteroids_2020/Intermediate/Shaders/WorkingDirectory/8748/).
[2020.03.17-22.17.07:634][  0]LogShaderCompilers: Cleaned the shader compiler working directory 'C:/Users/admin/AppData/Local/Temp/UnrealShaderWorkingDir/5EE659DA4FA818C8744B21B5DEF9D771/'.
[2020.03.17-22.17.07:639][  0]LogXGEController: Cannot use XGE Controller as Incredibuild is not installed on this machine.
[2020.03.17-22.17.07:639][  0]LogShaderCompilers: Cannot use XGE Shader Compiler as Incredibuild is not installed on this machine.
[2020.03.17-22.17.07:639][  0]LogShaderCompilers: Display: Using Local Shader Compiler.
[2020.03.17-22.17.08:364][  0]LogDerivedDataCache: Display: Max Cache Size: 512 MB
[2020.03.17-22.17.08:425][  0]LogDerivedDataCache: Loaded boot cache 0.06s 71MB C:/Users/admin/AppData/Local/UnrealEngine/4.21/DerivedDataCache/Boot.ddc.
[2020.03.17-22.17.08:425][  0]LogDerivedDataCache: Display: Loaded Boot cache: C:/Users/admin/AppData/Local/UnrealEngine/4.21/DerivedDataCache/Boot.ddc
[2020.03.17-22.17.08:425][  0]LogDerivedDataCache: FDerivedDataBackendGraph:  Pak pak cache file ../../../../../../Users/admin/Documents/GitHub/Atlas-Studios/Asteroids_2020/DerivedDataCache/DDC.ddp not found, will not use a pak cache.
[2020.03.17-22.17.08:425][  0]LogDerivedDataCache: Unable to find inner node Pak for hierarchical cache Hierarchy.
[2020.03.17-22.17.08:425][  0]LogDerivedDataCache: FDerivedDataBackendGraph:  CompressedPak pak cache file ../../../../../../Users/admin/Documents/GitHub/Atlas-Studios/Asteroids_2020/DerivedDataCache/Compressed.ddp not found, will not use a pak cache.
[2020.03.17-22.17.08:425][  0]LogDerivedDataCache: Unable to find inner node CompressedPak for hierarchical cache Hierarchy.
[2020.03.17-22.17.08:443][  0]LogDerivedDataCache: Display: Pak cache opened for reading ../../../Engine/DerivedDataCache/Compressed.ddp.
[2020.03.17-22.17.08:444][  0]LogDerivedDataCache: FDerivedDataBackendGraph:  EnterprisePak pak cache file ../../../Enterprise/DerivedDataCache/Compressed.ddp not found, will not use a pak cache.
[2020.03.17-22.17.08:444][  0]LogDerivedDataCache: Unable to find inner node EnterprisePak for hierarchical cache Hierarchy.
[2020.03.17-22.17.08:456][  0]LogDerivedDataCache: Using Local data cache path C:/Users/admin/AppData/Local/UnrealEngine/Common/DerivedDataCache: Writable
[2020.03.17-22.17.08:456][  0]LogDerivedDataCache: Shared data cache path not found in *engine.ini, will not use an Shared cache.
[2020.03.17-22.17.08:456][  0]LogDerivedDataCache: Unable to find inner node Shared for hierarchical cache Hierarchy.
[2020.03.17-22.17.08:491][  0]LogMaterial: Verifying Global Shaders for PCD3D_SM5
[2020.03.17-22.17.08:492][  0]LogSlate: Using FreeType 2.6.0
[2020.03.17-22.17.08:494][  0]LogSlate: SlateFontServices - WITH_FREETYPE: 1, WITH_HARFBUZZ: 1
[2020.03.17-22.17.08:634][  0]LogAssetRegistry: FAssetRegistry took 0.0438 seconds to start up
[2020.03.17-22.17.09:181][  0]LogInit: Selected Device Profile: [Windows]
[2020.03.17-22.17.09:400][  0]LogSimplygon: Simplygon DLL not present - disabling.
[2020.03.17-22.17.09:408][  0]LogMeshReduction: Using SimplygonSwarm for distributed automatic mesh merging
[2020.03.17-22.17.09:408][  0]LogMeshReduction: Using ProxyLODMeshReduction for automatic mesh merging
[2020.03.17-22.17.09:408][  0]LogMeshReduction: Using QuadricMeshReduction for automatic static mesh reduction
[2020.03.17-22.17.09:408][  0]LogMeshReduction: No automatic skeletal mesh reduction module available
[2020.03.17-22.17.09:423][  0]LogNetVersion: Asteroids_2020 1.0.0, NetCL: 4541578, EngineNetVer: 5, GameNetVer: 0 (Checksum: 1957075933)
[2020.03.17-22.17.10:102][  0]LogPackageLocalizationCache: Processed 12 localized package path(s) for 2 prioritized culture(s) in 0.128131 seconds
[2020.03.17-22.17.10:108][  0]LogUObjectArray: 39775 objects as part of root set at end of initial load.
[2020.03.17-22.17.10:108][  0]LogUObjectAllocator: 6914656 out of 0 bytes used by permanent object pool.
[2020.03.17-22.17.10:108][  0]LogUObjectArray: CloseDisregardForGC: 0/0 objects in disregard for GC pool
[2020.03.17-22.17.11:123][  0]LogWmfMedia: Failed to load mf.dll
[2020.03.17-22.17.11:123][  0]LogWmfMedia: Failed to load required Windows Media Foundation libraries
[2020.03.17-22.17.11:130][  0]LogWindowsMoviePlayer: Could not load mf.dll. Library not found.
[2020.03.17-22.17.11:131][  0]LogWindowsMoviePlayer: Could not load mfplat.dll. Library not found.
[2020.03.17-22.17.11:131][  0]LogWindowsMoviePlayer: Could not load mfplay.dll. Library not found.
[2020.03.17-22.17.11:436][  0]LogTcpMessaging: Initializing TcpMessaging bridge
[2020.03.17-22.17.11:449][  0]LogUdpMessaging: Initializing bridge on interface 0.0.0.0:0 to multicast group 230.0.0.1:6666.
[2020.03.17-22.17.12:584][  0]SourceControl: Source control is disabled
[2020.03.17-22.17.12:584][  0]SourceControl: Source control is disabled
[2020.03.17-22.17.12:586][  0]SourceControl: Source control is disabled
[2020.03.17-22.17.12:587][  0]SourceControl: Source control is disabled
[2020.03.17-22.17.12:793][  0]LogAndroidPermission: UAndroidPermissionCallbackProxy::GetInstance
[2020.03.17-22.17.12:892][  0]LogOcInput: OculusInput pre-init called
[2020.03.17-22.17.12:916][  0]LogPython: Python Scripts search path: ../../../../../../Users/admin/Documents/GitHub/Atlas-Studios/Asteroids_2020/Content/Scripts
[2020.03.17-22.17.12:916][  0]LogPython: Python Scripts search path: ../../../Engine/Plugins/UnrealEnginePython
[2020.03.17-22.17.12:916][  0]LogPython: Python VM initialized: 3.6.2 (v3.6.2:5fd33b5, Jul  8 2017, 04:57:36) [MSC v.1900 64 bit (AMD64)]
[2020.03.17-22.17.13:101][  0]LogPython: ####################----------Python Integration for Megascans Initialized----------####################
[2020.03.17-22.17.13:101][  0]LogPython: 

[2020.03.17-22.17.13:101][  0]LogPython: C:\Program Files\Epic Games\UE_4.21\Engine\Plugins\UnrealEnginePython\
[2020.03.17-22.17.13:101][  0]LogPython: 

[2020.03.17-22.17.13:178][  0]LogPython: Megascans Integration - LiveLink Initialized...
[2020.03.17-22.17.13:178][  0]LogPython: 

[2020.03.17-22.17.13:179][  0]LogPython: ue_site Python module successfully imported
[2020.03.17-22.17.13:338][  0]LogEngine: Initializing Engine...
[2020.03.17-22.17.13:340][  0]LogHMD: Failed to initialize OpenVR with code 110
[2020.03.17-22.17.13:342][  0]LogStats: UGameplayTagsManager::ConstructGameplayTagTree: ImportINI prefixes -  0.000 s
[2020.03.17-22.17.13:342][  0]LogStats: UGameplayTagsManager::ConstructGameplayTagTree: Construct from data asset -  0.000 s
[2020.03.17-22.17.13:342][  0]LogStats: UGameplayTagsManager::ConstructGameplayTagTree: ImportINI -  0.000 s
[2020.03.17-22.17.13:342][  0]LogStats: UGameplayTagsManager::ConstructGameplayTagTree: GameplayTagTreeChangedEvent.Broadcast -  0.000 s
[2020.03.17-22.17.13:626][  0]LogInit: Initializing FReadOnlyCVARCache
[2020.03.17-22.17.13:652][  0]LogAIModule: Creating AISystem for world Untitled
[2020.03.17-22.17.13:675][  0]LogInit: XAudio2 using 'Speakers / Headphones (Realtek High Definition Audio)' : 2 channels at 48 kHz using 32 bits per sample (channel mask 0x3)
[2020.03.17-22.17.13:709][  0]LogInit: FAudioDevice initialized.
[2020.03.17-22.17.13:710][  0]LogNetVersion: Set ProjectVersion to 1.0.0.0. Version Checksum will be recalculated on next use.
[2020.03.17-22.17.14:316][  0]LogDerivedDataCache: Saved boot cache 0.61s 71MB C:/Users/admin/AppData/Local/UnrealEngine/4.21/DerivedDataCache/Boot.ddc.
[2020.03.17-22.17.14:328][  0]LogInit: Texture streaming: Enabled
[2020.03.17-22.17.14:368][  0]LogEngineSessionManager: EngineSessionManager initialized
[2020.03.17-22.17.14:390][  0]LogInit: Transaction tracking system initialized
[2020.03.17-22.17.14:440][  0]BlueprintLog: New page: Editor Load
[2020.03.17-22.17.14:589][  0]LocalizationService: Localization service is disabled
[2020.03.17-22.17.15:320][  0]LogCook: Display: Max memory allowance for cook 16384mb min free memory 0mb
[2020.03.17-22.17.15:320][  0]LogCook: Display: Mobile HDR setting 1
[2020.03.17-22.17.15:320][  0]LogGameplayTags: Display: UGameplayTagsManager::DoneAddingNativeTags. DelegateIsBound: 0
[2020.03.17-22.17.15:320][  0]LogStats: UGameplayTagsManager::ConstructGameplayTagTree: ImportINI prefixes -  0.000 s
[2020.03.17-22.17.15:320][  0]LogStats: UGameplayTagsManager::ConstructGameplayTagTree: Construct from data asset -  0.000 s
[2020.03.17-22.17.15:321][  0]LogStats: UGameplayTagsManager::ConstructGameplayTagTree: ImportINI -  0.000 s
[2020.03.17-22.17.15:321][  0]LogStats: UGameplayTagsManager::ConstructGameplayTagTree: GameplayTagTreeChangedEvent.Broadcast -  0.000 s
[2020.03.17-22.17.15:545][  0]LogFileCache: Scanning file cache for directory 'C:/Users/admin/Documents/GitHub/Atlas-Studios/Asteroids_2020/Content/' took 0.03s
[2020.03.17-22.17.15:545][  0]SourceControl: Source control is disabled
[2020.03.17-22.17.15:545][  0]Cmd: MAP LOAD FILE="../../../../../../Users/admin/Documents/GitHub/Atlas-Studios/Asteroids_2020/Content/StarterContent/Maps/Minimal_Default.umap" TEMPLATE=0 SHOWPROGRESS=1 FEATURELEVEL=3
[2020.03.17-22.17.15:546][  0]LightingResults: New page: Lighting Build
[2020.03.17-22.17.15:552][  0]MapCheck: New page: Map Check
[2020.03.17-22.17.15:552][  0]LightingResults: New page: Lighting Build
[2020.03.17-22.17.15:634][  0]LogLinker: Warning: Can't find file '/Game/IndividualFolders/Cameron_McCabe/DJ_BP_Projectile'
[2020.03.17-22.17.15:634][  0]LogLinker: Warning: Can't find file for asset '/Game/IndividualFolders/Cameron_McCabe/DJ_BP_Projectile' while loading ../../../../../../Users/admin/Documents/GitHub/Atlas-Studios/Asteroids_2020/Content/IndividualFolders/Cameron_McCabe/Ship.uasset.
[2020.03.17-22.17.15:634][  0]LoadErrors: Error: /Game/IndividualFolders/Cameron_McCabe/Ship : Can't find file for asset. /Game/IndividualFolders/Cameron_McCabe/DJ_BP_Projectile
[2020.03.17-22.17.15:640][  0]LogLinker: Warning: Can't find file '/Game/IndividualFolders/Cameron_McCabe/DJ_BP_Projectile'
[2020.03.17-22.17.15:641][  0]LogLinker: Warning: Can't find file for asset '/Game/IndividualFolders/Cameron_McCabe/DJ_BP_Projectile' while loading ../../../../../../Users/admin/Documents/GitHub/Atlas-Studios/Asteroids_2020/Content/IndividualFolders/Jamie_Neal/JN_BP_HomingMissile.uasset.
[2020.03.17-22.17.15:641][  0]LoadErrors: Error: /Game/IndividualFolders/Jamie_Neal/JN_BP_HomingMissile : Can't find file for asset. /Game/IndividualFolders/Cameron_McCabe/DJ_BP_Projectile
[2020.03.17-22.17.15:825][  0]LogLinker: Warning: Can't find file '/Game/IndividualFolders/Cameron_McCabe/DJ_BP_Projectile'
[2020.03.17-22.17.15:825][  0]LogLinker: Warning: Can't find file for asset '/Game/IndividualFolders/Cameron_McCabe/DJ_BP_Projectile' while loading ../../../../../../Users/admin/Documents/GitHub/Atlas-Studios/Asteroids_2020/Content/IndividualFolders/Jamie_Neal/JN_BP_HomingMissile.uasset.
[2020.03.17-22.17.15:825][  0]LoadErrors: Error: /Game/IndividualFolders/Jamie_Neal/JN_BP_HomingMissile : Can't find file for asset. /Game/IndividualFolders/Cameron_McCabe/DJ_BP_Projectile
[2020.03.17-22.17.15:837][  0]LogLinker: Warning: Can't find file '/Game/IndividualFolders/Cameron_McCabe/DJ_BP_Projectile'
[2020.03.17-22.17.15:837][  0]LogLinker: Warning: Can't find file for asset '/Game/IndividualFolders/Cameron_McCabe/DJ_BP_Projectile' while loading ../../../../../../Users/admin/Documents/GitHub/Atlas-Studios/Asteroids_2020/Content/IndividualFolders/Jamie_Neal/JN_BP_HomingMissile.uasset.
[2020.03.17-22.17.15:837][  0]LoadErrors: Error: /Game/IndividualFolders/Jamie_Neal/JN_BP_HomingMissile : Can't find file for asset. /Game/IndividualFolders/Cameron_McCabe/DJ_BP_Projectile
[2020.03.17-22.17.15:875][  0]LogLinker: Warning: Can't find file '/Game/IndividualFolders/Cameron_McCabe/DJ_BP_Projectile'
[2020.03.17-22.17.15:875][  0]LoadErrors: Failed to load /Game/IndividualFolders/Cameron_McCabe/DJ_BP_Projectile.DJ_BP_Projectile_C Referenced by K2Node_SpawnActorFromClass_0
[2020.03.17-22.17.15:875][  0]LogLinker: Warning: Can't find file for asset '/Game/IndividualFolders/Cameron_McCabe/DJ_BP_Projectile' while loading ../../../../../../Users/admin/Documents/GitHub/Atlas-Studios/Asteroids_2020/Content/IndividualFolders/Jamie_Neal/JN_BP_HomingMissile.uasset.
[2020.03.17-22.17.15:875][  0]LoadErrors: Failed to load /Game/IndividualFolders/Cameron_McCabe/DJ_BP_Projectile.DJ_BP_Projectile_C Referenced by K2Node_SpawnActorFromClass_0
[2020.03.17-22.17.15:875][  0]LoadErrors: Error: /Game/IndividualFolders/Jamie_Neal/JN_BP_HomingMissile : Can't find file for asset. /Game/IndividualFolders/Cameron_McCabe/DJ_BP_Projectile
[2020.03.17-22.17.15:875][  0]LogLinker: Warning: Can't find file '/Game/IndividualFolders/Cameron_McCabe/DJ_BP_Projectile'
[2020.03.17-22.17.15:876][  0]LoadErrors: Failed to load /Game/IndividualFolders/Cameron_McCabe/DJ_BP_Projectile.DJ_BP_Projectile_C Referenced by K2Node_SpawnActorFromClass_0
[2020.03.17-22.17.15:876][  0]LogLinker: Warning: Can't find file for asset '/Game/IndividualFolders/Cameron_McCabe/DJ_BP_Projectile' while loading ../../../../../../Users/admin/Documents/GitHub/Atlas-Studios/Asteroids_2020/Content/IndividualFolders/Jamie_Neal/JN_BP_HomingMissile.uasset.
[2020.03.17-22.17.15:876][  0]LoadErrors: Failed to load /Game/IndividualFolders/Cameron_McCabe/DJ_BP_Projectile.DJ_BP_Projectile_C Referenced by K2Node_SpawnActorFromClass_0
[2020.03.17-22.17.15:876][  0]LoadErrors: Error: /Game/IndividualFolders/Jamie_Neal/JN_BP_HomingMissile : Can't find file for asset. /Game/IndividualFolders/Cameron_McCabe/DJ_BP_Projectile
[2020.03.17-22.17.15:947][  0]LogBlueprint: Error: [Compiler Ship] Spawn node  SpawnActor NONE  must have a  Class  specified.
[2020.03.17-22.17.15:950][  0]LogBlueprint: Warning: [Compiler Ship] Input pin  Instigator  specifying non-default value no longer exists on node  SpawnActor NONE . Please refresh node or reset pin to default value to remove pin.
[2020.03.17-22.17.16:018][  0]LogBlueprint: Warning: [Compiler Ship] [0014.88] Compile of Ship failed. 1 Fatal Issue(s) 1 Warning(s) [in 133 ms] (/Game/IndividualFolders/Cameron_McCabe/Ship.Ship)
[2020.03.17-22.17.16:028][  0]LogLinker: Warning: Can't find file '/Game/IndividualFolders/Cameron_McCabe/DJ_BP_Projectile'
[2020.03.17-22.17.16:028][  0]LogLinker: Warning: Can't find file for asset '/Game/IndividualFolders/Cameron_McCabe/DJ_BP_Projectile' while loading ../../../../../../Users/admin/Documents/GitHub/Atlas-Studios/Asteroids_2020/Content/IndividualFolders/Cameron_McCabe/Ship.uasset.
[2020.03.17-22.17.16:028][  0]LoadErrors: Error: /Game/IndividualFolders/Cameron_McCabe/Ship : Can't find file for asset. /Game/IndividualFolders/Cameron_McCabe/DJ_BP_Projectile
[2020.03.17-22.17.17:364][  0]LogMaterial: Display: Missing cached shader map for material minimapMaterial, compiling. 
[2020.03.17-22.17.17:437][  0]LogShaderCompilers: Display: Shaders left to compile 14
[2020.03.17-22.17.17:437][  0]LogShaderCompilers: Display: Shaders left to compile 4
[2020.03.17-22.17.17:437][  0]LogMaterial: Display: Missing cached shader map for material JN_M_PostProcessOutline, compiling. 
[2020.03.17-22.26.58:717][  0]LogShaderCompilers: Display: Shaders left to compile 8
[2020.03.17-22.26.58:717][  0]LogTexture: Display: Building textures: SH_TEXTURE (AutoDXT, 4096X4096)
[2020.03.17-22.26.59:043][  0]LogAIModule: Creating AISystem for world Minimal_Default
[2020.03.17-22.26.59:075][  0]LogEditorServer: Finished looking for orphan Actors (0.000 secs)
[2020.03.17-22.26.59:112][  0]Cmd: MAP CHECKDEP NOCLEARLOG
[2020.03.17-22.26.59:112][  0]MapCheck: Map check complete: 0 Error(s), 0 Warning(s), took 0.178ms to complete.
[2020.03.17-22.26.59:112][  0]LogFileHelpers: Loading map 'Minimal_Default' took 583.566
[2020.03.17-22.26.59:174][  0]LogSlate: Updating window title bar state: overlay mode, drag disabled, window buttons hidden, title bar hidden
[2020.03.17-22.26.59:184][  0]LogSlate: Updating window title bar state: overlay mode, drag disabled, window buttons hidden, title bar hidden
[2020.03.17-22.26.59:193][  0]LogSlate: Updating window title bar state: overlay mode, drag disabled, window buttons hidden, title bar hidden
[2020.03.17-22.26.59:202][  0]LogSlate: Updating window title bar state: overlay mode, drag disabled, window buttons hidden, title bar hidden
[2020.03.17-22.26.59:245][  0]LogCollectionManager: Loaded 0 collections in 0.004436 seconds
[2020.03.17-22.26.59:278][  0]LogFileCache: Scanning file cache for directory 'C:/Users/admin/Documents/GitHub/Atlas-Studios/Asteroids_2020/Saved/Collections/' took 0.01s
[2020.03.17-22.26.59:278][  0]LogFileCache: Scanning file cache for directory 'C:/Users/admin/Documents/GitHub/Atlas-Studios/Asteroids_2020/Content/Developers/admin/Collections/' took 0.00s
[2020.03.17-22.26.59:278][  0]LogFileCache: Scanning file cache for directory 'C:/Users/admin/Documents/GitHub/Atlas-Studios/Asteroids_2020/Content/Collections/' took 0.01s
[2020.03.17-22.26.59:278][  0]LogCollectionManager: Rebuilt the GUID cache for 0 collections in 0.000000 seconds
[2020.03.17-22.26.59:291][  0]LogContentBrowser: Native class hierarchy populated in 0.0134 seconds. Added 2679 classes and 632 folders.
[2020.03.17-22.26.59:305][  0]LogContentBrowser: Native class hierarchy updated for 'WidgetCarousel' in 0.0003 seconds. Added 0 classes and 0 folders.
[2020.03.17-22.26.59:308][  0]LogPakFile: Registered encryption key '00000000000000000000000000000000': 0 pak files mounted, 0 remain pending
[2020.03.17-22.26.59:309][  0]LogPakFile: Registered encryption key '00000000000000000000000000000000': 0 pak files mounted, 0 remain pending
[2020.03.17-22.26.59:310][  0]LogPakFile: Registered encryption key '00000000000000000000000000000000': 0 pak files mounted, 0 remain pending
[2020.03.17-22.26.59:310][  0]LogPakFile: Registered encryption key '00000000000000000000000000000000': 0 pak files mounted, 0 remain pending
[2020.03.17-22.26.59:311][  0]LogPakFile: Registered encryption key '00000000000000000000000000000000': 0 pak files mounted, 0 remain pending
[2020.03.17-22.26.59:312][  0]LogPakFile: Registered encryption key '00000000000000000000000000000000': 0 pak files mounted, 0 remain pending
[2020.03.17-22.26.59:313][  0]LogPakFile: Registered encryption key '00000000000000000000000000000000': 0 pak files mounted, 0 remain pending
[2020.03.17-22.26.59:314][  0]LogPakFile: Registered encryption key '00000000000000000000000000000000': 0 pak files mounted, 0 remain pending
[2020.03.17-22.26.59:315][  0]LogPakFile: Registered encryption key '00000000000000000000000000000000': 0 pak files mounted, 0 remain pending
[2020.03.17-22.26.59:316][  0]LogPakFile: Registered encryption key '00000000000000000000000000000000': 0 pak files mounted, 0 remain pending
[2020.03.17-22.26.59:316][  0]LogPakFile: Registered encryption key '00000000000000000000000000000000': 0 pak files mounted, 0 remain pending
[2020.03.17-22.26.59:317][  0]LogPakFile: Registered encryption key '00000000000000000000000000000000': 0 pak files mounted, 0 remain pending
[2020.03.17-22.26.59:318][  0]LogPakFile: Registered encryption key '00000000000000000000000000000000': 0 pak files mounted, 0 remain pending
[2020.03.17-22.26.59:319][  0]LogPakFile: Registered encryption key '00000000000000000000000000000000': 0 pak files mounted, 0 remain pending
[2020.03.17-22.26.59:320][  0]LogPakFile: Registered encryption key '00000000000000000000000000000000': 0 pak files mounted, 0 remain pending
[2020.03.17-22.26.59:320][  0]LogPakFile: Registered encryption key '00000000000000000000000000000000': 0 pak files mounted, 0 remain pending
[2020.03.17-22.26.59:321][  0]LogPakFile: Registered encryption key '00000000000000000000000000000000': 0 pak files mounted, 0 remain pending
[2020.03.17-22.26.59:322][  0]LogPakFile: Registered encryption key '00000000000000000000000000000000': 0 pak files mounted, 0 remain pending
[2020.03.17-22.26.59:323][  0]LogPakFile: Registered encryption key '00000000000000000000000000000000': 0 pak files mounted, 0 remain pending
[2020.03.17-22.26.59:323][  0]LogPakFile: Registered encryption key '00000000000000000000000000000000': 0 pak files mounted, 0 remain pending
[2020.03.17-22.26.59:324][  0]LogPakFile: Registered encryption key '00000000000000000000000000000000': 0 pak files mounted, 0 remain pending
[2020.03.17-22.26.59:325][  0]LogPakFile: Registered encryption key '00000000000000000000000000000000': 0 pak files mounted, 0 remain pending
[2020.03.17-22.26.59:326][  0]LogPakFile: Registered encryption key '00000000000000000000000000000000': 0 pak files mounted, 0 remain pending
[2020.03.17-22.26.59:326][  0]LogPakFile: Registered encryption key '00000000000000000000000000000000': 0 pak files mounted, 0 remain pending
[2020.03.17-22.26.59:327][  0]LogPakFile: Registered encryption key '00000000000000000000000000000000': 0 pak files mounted, 0 remain pending
[2020.03.17-22.26.59:328][  0]LogPakFile: Registered encryption key '00000000000000000000000000000000': 0 pak files mounted, 0 remain pending
[2020.03.17-22.26.59:420][  0]LogContentBrowser: Native class hierarchy updated for 'AddContentDialog' in 0.0003 seconds. Added 0 classes and 0 folders.
[2020.03.17-22.26.59:444][  0]LogContentBrowser: Native class hierarchy updated for 'SceneOutliner' in 0.0003 seconds. Added 1 classes and 2 folders.
[2020.03.17-22.26.59:590][  0]LogSlate: Took 0.000309 seconds to synchronously load lazily loaded font '../../../Engine/Content/Slate/Fonts/Roboto-Regular.ttf' (155K)
[2020.03.17-22.26.59:593][  0]LogSlate: Took 0.000333 seconds to synchronously load lazily loaded font '../../../Engine/Content/Slate/Fonts/Roboto-Bold.ttf' (160K)
[2020.03.17-22.26.59:601][  0]LogSlate: Took 0.000237 seconds to synchronously load lazily loaded font '../../../Engine/Content/Editor/Slate/Fonts/FontAwesome.ttf' (139K)
[2020.03.17-22.26.59:705][  0]LogRenderer: Reallocating scene render targets to support 1208x568 Format 10 NumSamples 1 (Frame:1).
[2020.03.17-22.27.00:076][  0]LogContentBrowser: Native class hierarchy updated for 'HierarchicalLODOutliner' in 0.0008 seconds. Added 0 classes and 0 folders.
[2020.03.17-22.27.00:076][  0]LogLoad: (Engine Initialization) Total time: 598.94 seconds
[2020.03.17-22.27.00:076][  0]LogLoad: (Engine Initialization) Total Blueprint compile time: 0.00 seconds
[2020.03.17-22.27.00:153][  0]LogContentStreaming: Texture pool size now 1000 MB
[2020.03.17-22.27.00:155][  0]LogSlate: FSceneViewport::OnFocusLost() reason 2
[2020.03.17-22.27.00:209][  0]LogSlate: Took 0.000239 seconds to synchronously load lazily loaded font '../../../Engine/Content/Slate/Fonts/Roboto-Light.ttf' (167K)
[2020.03.17-22.27.00:785][  4]LogPython: tcp server spawned on 127.0.0.1:13428
[2020.03.17-22.27.01:086][  9]LogAssetRegistry: Asset discovery search completed in 592.4746 seconds
[2020.03.17-22.27.01:088][  9]LogCollectionManager: Rebuilt the object cache for 0 collections in 0.000001 seconds (found 0 objects)
[2020.03.17-22.27.01:088][  9]LogCollectionManager: Fixed up redirectors for 0 collections in 0.000050 seconds (updated 0 objects)
[2020.03.17-22.42.00:840][260]LogSlate: FSceneViewport::OnFocusLost() reason 2
[2020.03.17-22.42.38:823][534]LogSlate: Window 'Message Log' being destroyed
[2020.03.17-22.42.38:826][534]LogSlate: Window 'Message Log' being destroyed
[2020.03.17-22.42.39:600][590]LogSlate: FSceneViewport::OnFocusLost() reason 0
[2020.03.17-22.42.39:665][596]LogTemp: Repeating last play command: Selected Viewport
[2020.03.17-22.42.39:689][596]LogBlueprintUserMessages: Early PlayInEditor Detection: Level '/Game/StarterContent/Maps/Minimal_Default.Minimal_Default:PersistentLevel' has LevelScriptBlueprint '/Game/StarterContent/Maps/Minimal_Default.Minimal_Default:PersistentLevel.Minimal_Default' with GeneratedClass '/Game/StarterContent/Maps/Minimal_Default.Minimal_Default_C' with ClassGeneratedBy '/Game/StarterContent/Maps/Minimal_Default.Minimal_Default:PersistentLevel.Minimal_Default'
[2020.03.17-22.42.39:689][596]LogPlayLevel: PlayLevel: No blueprints needed recompiling
[2020.03.17-22.42.45:331][596]LogSlate: Window 'Message' being destroyed
[2020.03.17-22.42.45:334][596]PIE: New page: PIE session: Minimal_Default (17 Mar 2020 22:42:45)
[2020.03.17-22.42.45:347][596]LogPlayLevel: Creating play world package: /Game/StarterContent/Maps/UEDPIE_0_Minimal_Default
[2020.03.17-22.42.45:357][596]LogPlayLevel: PIE: StaticDuplicateObject took: (0.010190s)
[2020.03.17-22.42.45:359][596]LogAIModule: Creating AISystem for world Minimal_Default
[2020.03.17-22.42.45:359][596]LogPlayLevel: PIE: World Init took: (0.001697s)
[2020.03.17-22.42.45:359][596]LogPlayLevel: PIE: Created PIE world by copying editor world from /Game/StarterContent/Maps/Minimal_Default.Minimal_Default to /Game/StarterContent/Maps/UEDPIE_0_Minimal_Default.Minimal_Default (0.012329s)
[2020.03.17-22.42.45:401][596]LogInit: XAudio2 using 'Speakers / Headphones (Realtek High Definition Audio)' : 2 channels at 48 kHz using 32 bits per sample (channel mask 0x3)
[2020.03.17-22.42.45:423][596]LogInit: FAudioDevice initialized.
[2020.03.17-22.42.45:653][596]LogLoad: Game class is 'Asteroids_C'
[2020.03.17-22.42.45:660][596]LogWorld: Bringing World /Game/StarterContent/Maps/UEDPIE_0_Minimal_Default.Minimal_Default up for play (max tick rate 0) at 2020.03.17-22.42.45
[2020.03.17-22.42.45:668][596]LogWorld: Bringing up level for play took: 0.011594
[2020.03.17-22.42.45:711][596]LogContentBrowser: Native class hierarchy updated for 'MovieSceneCapture' in 0.0011 seconds. Added 20 classes and 0 folders.
[2020.03.17-22.42.45:723][596]PIE: Play in editor start time for /Game/StarterContent/Maps/UEDPIE_0_Minimal_Default 6.199
[2020.03.17-22.42.45:724][596]LogBlueprintUserMessages: Late PlayInEditor Detection: Level '/Game/StarterContent/Maps/Minimal_Default.Minimal_Default:PersistentLevel' has LevelScriptBlueprint '/Game/StarterContent/Maps/Minimal_Default.Minimal_Default:PersistentLevel.Minimal_Default' with GeneratedClass '/Game/StarterContent/Maps/Minimal_Default.Minimal_Default_C' with ClassGeneratedBy '/Game/StarterContent/Maps/Minimal_Default.Minimal_Default:PersistentLevel.Minimal_Default'
[2020.03.17-22.42.47:279][712]LogBlueprintUserMessages: Early EndPlayMap Detection: Level '/Game/StarterContent/Maps/Minimal_Default.Minimal_Default:PersistentLevel' has LevelScriptBlueprint '/Game/StarterContent/Maps/Minimal_Default.Minimal_Default:PersistentLevel.Minimal_Default' with GeneratedClass '/Game/StarterContent/Maps/Minimal_Default.Minimal_Default_C' with ClassGeneratedBy '/Game/StarterContent/Maps/Minimal_Default.Minimal_Default:PersistentLevel.Minimal_Default'
[2020.03.17-22.42.47:280][712]LogSlate: Updating window title bar state: overlay mode, drag disabled, window buttons hidden, title bar hidden
[2020.03.17-22.42.47:332][712]LogPlayLevel: Display: Shutting down PIE online subsystems
[2020.03.17-22.42.47:332][712]LogBlueprintUserMessages: Late EndPlayMap Detection: Level '/Game/StarterContent/Maps/Minimal_Default.Minimal_Default:PersistentLevel' has LevelScriptBlueprint '/Game/StarterContent/Maps/Minimal_Default.Minimal_Default:PersistentLevel.Minimal_Default' with GeneratedClass '/Game/StarterContent/Maps/Minimal_Default.Minimal_Default_C' with ClassGeneratedBy '/Game/StarterContent/Maps/Minimal_Default.Minimal_Default:PersistentLevel.Minimal_Default'
[2020.03.17-22.42.47:373][712]LogSlate: Updating window title bar state: overlay mode, drag disabled, window buttons hidden, title bar hidden
[2020.03.17-22.42.47:394][713]LogPlayLevel: Display: Destroying online subsystem :Context_4
[2020.03.17-22.43.57:349][974]LogSlate: Took 0.001189 seconds to synchronously load lazily loaded font '../../../Engine/Content/Slate/Fonts/Roboto-Light.ttf' (167K)
[2020.03.17-22.44.11:275][588]LogTemp: Repeating last play command: Selected Viewport
[2020.03.17-22.44.11:300][588]LogBlueprintUserMessages: Early PlayInEditor Detection: Level '/Game/StarterContent/Maps/Minimal_Default.Minimal_Default:PersistentLevel' has LevelScriptBlueprint '/Game/StarterContent/Maps/Minimal_Default.Minimal_Default:PersistentLevel.Minimal_Default' with GeneratedClass '/Game/StarterContent/Maps/Minimal_Default.Minimal_Default_C' with ClassGeneratedBy '/Game/StarterContent/Maps/Minimal_Default.Minimal_Default:PersistentLevel.Minimal_Default'
[2020.03.17-22.44.11:300][588]LogPlayLevel: PlayLevel: No blueprints needed recompiling
[2020.03.17-22.44.11:300][588]PIE: New page: PIE session: Minimal_Default (17 Mar 2020 22:44:11)
[2020.03.17-22.44.11:300][588]LogPlayLevel: Creating play world package: /Game/StarterContent/Maps/UEDPIE_0_Minimal_Default
[2020.03.17-22.44.11:310][588]LogPlayLevel: PIE: StaticDuplicateObject took: (0.009389s)
[2020.03.17-22.44.11:310][588]LogAIModule: Creating AISystem for world Minimal_Default
[2020.03.17-22.44.11:310][588]LogPlayLevel: PIE: World Init took: (0.000814s)
[2020.03.17-22.44.11:310][588]LogPlayLevel: PIE: Created PIE world by copying editor world from /Game/StarterContent/Maps/Minimal_Default.Minimal_Default to /Game/StarterContent/Maps/UEDPIE_0_Minimal_Default.Minimal_Default (0.010358s)
[2020.03.17-22.44.11:350][588]LogInit: XAudio2 using 'Speakers / Headphones (Realtek High Definition Audio)' : 2 channels at 48 kHz using 32 bits per sample (channel mask 0x3)
[2020.03.17-22.44.11:372][588]LogInit: FAudioDevice initialized.
[2020.03.17-22.44.11:404][588]LogLoad: Game class is 'Asteroids_C'
[2020.03.17-22.44.11:414][588]LogWorld: Bringing World /Game/StarterContent/Maps/UEDPIE_0_Minimal_Default.Minimal_Default up for play (max tick rate 0) at 2020.03.17-22.44.11
[2020.03.17-22.44.11:423][588]LogWorld: Bringing up level for play took: 0.017337
[2020.03.17-22.44.11:448][588]PIE: Play in editor start time for /Game/StarterContent/Maps/UEDPIE_0_Minimal_Default -0.075
[2020.03.17-22.44.11:448][588]LogBlueprintUserMessages: Late PlayInEditor Detection: Level '/Game/StarterContent/Maps/Minimal_Default.Minimal_Default:PersistentLevel' has LevelScriptBlueprint '/Game/StarterContent/Maps/Minimal_Default.Minimal_Default:PersistentLevel.Minimal_Default' with GeneratedClass '/Game/StarterContent/Maps/Minimal_Default.Minimal_Default_C' with ClassGeneratedBy '/Game/StarterContent/Maps/Minimal_Default.Minimal_Default:PersistentLevel.Minimal_Default'
[2020.03.17-22.44.15:718][926]LogBlueprintUserMessages: Early EndPlayMap Detection: Level '/Game/StarterContent/Maps/Minimal_Default.Minimal_Default:PersistentLevel' has LevelScriptBlueprint '/Game/StarterContent/Maps/Minimal_Default.Minimal_Default:PersistentLevel.Minimal_Default' with GeneratedClass '/Game/StarterContent/Maps/Minimal_Default.Minimal_Default_C' with ClassGeneratedBy '/Game/StarterContent/Maps/Minimal_Default.Minimal_Default:PersistentLevel.Minimal_Default'
[2020.03.17-22.44.15:719][926]LogSlate: Updating window title bar state: overlay mode, drag disabled, window buttons hidden, title bar hidden
[2020.03.17-22.44.15:763][926]LogPlayLevel: Display: Shutting down PIE online subsystems
[2020.03.17-22.44.15:764][926]LogBlueprintUserMessages: Late EndPlayMap Detection: Level '/Game/StarterContent/Maps/Minimal_Default.Minimal_Default:PersistentLevel' has LevelScriptBlueprint '/Game/StarterContent/Maps/Minimal_Default.Minimal_Default:PersistentLevel.Minimal_Default' with GeneratedClass '/Game/StarterContent/Maps/Minimal_Default.Minimal_Default_C' with ClassGeneratedBy '/Game/StarterContent/Maps/Minimal_Default.Minimal_Default:PersistentLevel.Minimal_Default'
[2020.03.17-22.44.15:794][926]LogSlate: Updating window title bar state: overlay mode, drag disabled, window buttons hidden, title bar hidden
[2020.03.17-22.44.15:841][927]LogPlayLevel: Display: Destroying online subsystem :Context_6
[2020.03.17-22.44.23:469][254]LogSlate: FSceneViewport::OnFocusLost() reason 0
[2020.03.17-22.44.28:990][490]LogAssetEditorManager: Opening Asset editor for Blueprint /Game/IndividualFolders/Dan_Jones/DJ_BP_EnemyProjectile.DJ_BP_EnemyProjectile
[2020.03.17-22.44.30:040][490]LogContentBrowser: Native class hierarchy updated for 'BlueprintGraph' in 0.0020 seconds. Added 117 classes and 0 folders.
[2020.03.17-22.44.32:288][490]LogSlate: Took 0.012599 seconds to synchronously load lazily loaded font '../../../Engine/Content/Slate/Fonts/Roboto-BoldCondensed.ttf' (158K)
[2020.03.17-22.44.32:522][491]LogSlate: Took 0.026818 seconds to synchronously load lazily loaded font '../../../Engine/Content/Slate/Fonts/Roboto-Italic.ttf' (157K)
[2020.03.17-22.44.42:964][ 31]LogAssetEditorManager: Opening Asset editor for Blueprint /Game/IndividualFolders/Cameron_McCabe/Ship.Ship
[2020.03.17-22.47.22:490][583]LogSlate: Prevented a slow task dialog from being summoned while a context menu was open
[2020.03.17-22.47.22:491][583]LogLinker: Warning: Can't find file '/Game/IndividualFolders/Cameron_McCabe/DJ_BP_Projectile'
[2020.03.17-22.47.22:491][583]LogLinker: Warning: Can't find file '/Game/IndividualFolders/Cameron_McCabe/DJ_BP_Projectile'
[2020.03.17-22.47.22:491][583]LogUObjectGlobals: Warning: Failed to find object 'Class /Game/IndividualFolders/Cameron_McCabe/DJ_BP_Projectile.DJ_BP_Projectile_C'
[2020.03.17-22.47.22:491][583]EditorErrors: Error: Failed to load class /Game/IndividualFolders/Cameron_McCabe/DJ_BP_Projectile.DJ_BP_Projectile_C
[2020.03.17-22.47.37:187][484]LogSlate: Prevented a slow task dialog from being summoned while a context menu was open
[2020.03.17-22.47.37:187][484]EditorErrors: Error: Failed to load class /Game/IndividualFolders/Cameron_McCabe/DJ_BP_Projectile.DJ_BP_Projectile_C
[2020.03.17-22.47.50:484][276]LogSlate: Prevented a slow task dialog from being summoned while a context menu was open
[2020.03.17-22.47.50:484][276]EditorErrors: Error: Failed to load class /Game/IndividualFolders/Cameron_McCabe/DJ_BP_Projectile.DJ_BP_Projectile_C
[2020.03.17-22.47.55:133][515]LogSlate: Prevented a slow task dialog from being summoned while a context menu was open
[2020.03.17-22.47.55:133][515]EditorErrors: Error: Failed to load class /Game/IndividualFolders/Cameron_McCabe/DJ_BP_Projectile.DJ_BP_Projectile_C
[2020.03.17-22.48.24:622][203]LogAssetEditorManager: Opening Asset editor for Blueprint /Game/IndividualFolders/Dan_Jones/DJ_BP_Projectile.DJ_BP_Projectile
[2020.03.17-22.48.39:336][427]BlueprintLog: New page: Compile DJ_BP_Projectile
[2020.03.17-22.48.42:641][676]LogSlate: Prevented a slow task dialog from being summoned while a context menu was open
[2020.03.17-22.48.52:386][170]BlueprintLog: New page: Compile Ship
[2020.03.17-22.48.57:430][453]LogTemp: Repeating last play command: Selected Viewport
[2020.03.17-22.48.57:488][453]LogBlueprintUserMessages: Early PlayInEditor Detection: Level '/Game/StarterContent/Maps/Minimal_Default.Minimal_Default:PersistentLevel' has LevelScriptBlueprint '/Game/StarterContent/Maps/Minimal_Default.Minimal_Default:PersistentLevel.Minimal_Default' with GeneratedClass '/Game/StarterContent/Maps/Minimal_Default.Minimal_Default_C' with ClassGeneratedBy '/Game/StarterContent/Maps/Minimal_Default.Minimal_Default:PersistentLevel.Minimal_Default'
[2020.03.17-22.48.57:488][453]LogPlayLevel: PlayLevel: No blueprints needed recompiling
[2020.03.17-22.48.57:488][453]PIE: New page: PIE session: Minimal_Default (17 Mar 2020 22:48:57)
[2020.03.17-22.48.57:488][453]LogPlayLevel: Creating play world package: /Game/StarterContent/Maps/UEDPIE_0_Minimal_Default
[2020.03.17-22.48.57:497][453]LogPlayLevel: PIE: StaticDuplicateObject took: (0.009113s)
[2020.03.17-22.48.57:497][453]LogAIModule: Creating AISystem for world Minimal_Default
[2020.03.17-22.48.57:497][453]LogPlayLevel: PIE: World Init took: (0.000722s)
[2020.03.17-22.48.57:497][453]LogPlayLevel: PIE: Created PIE world by copying editor world from /Game/StarterContent/Maps/Minimal_Default.Minimal_Default to /Game/StarterContent/Maps/UEDPIE_0_Minimal_Default.Minimal_Default (0.009980s)
[2020.03.17-22.48.57:576][453]LogInit: XAudio2 using 'Speakers / Headphones (Realtek High Definition Audio)' : 2 channels at 48 kHz using 32 bits per sample (channel mask 0x3)
[2020.03.17-22.48.57:637][453]LogInit: FAudioDevice initialized.
[2020.03.17-22.48.57:678][453]LogLoad: Game class is 'Asteroids_C'
[2020.03.17-22.48.57:687][453]LogWorld: Bringing World /Game/StarterContent/Maps/UEDPIE_0_Minimal_Default.Minimal_Default up for play (max tick rate 0) at 2020.03.17-22.48.57
[2020.03.17-22.48.57:695][453]LogWorld: Bringing up level for play took: 0.014357
[2020.03.17-22.48.57:742][453]PIE: Play in editor start time for /Game/StarterContent/Maps/UEDPIE_0_Minimal_Default 0.219
[2020.03.17-22.48.57:743][453]LogBlueprintUserMessages: Late PlayInEditor Detection: Level '/Game/StarterContent/Maps/Minimal_Default.Minimal_Default:PersistentLevel' has LevelScriptBlueprint '/Game/StarterContent/Maps/Minimal_Default.Minimal_Default:PersistentLevel.Minimal_Default' with GeneratedClass '/Game/StarterContent/Maps/Minimal_Default.Minimal_Default_C' with ClassGeneratedBy '/Game/StarterContent/Maps/Minimal_Default.Minimal_Default:PersistentLevel.Minimal_Default'
[2020.03.17-22.48.57:800][454]LogBlueprintUserMessages: [Ship_2] 1009.0
[2020.03.17-22.48.58:010][467]LogBlueprintUserMessages: [Ship_2] 1048.0
[2020.03.17-22.48.58:212][483]LogBlueprintUserMessages: [Ship_2] 1096.0
[2020.03.17-22.48.58:414][499]LogBlueprintUserMessages: [Ship_2] 1144.0
[2020.03.17-22.48.58:626][516]LogBlueprintUserMessages: [Ship_2] 1195.0
[2020.03.17-22.48.58:827][532]LogBlueprintUserMessages: [Ship_2] 1243.0
[2020.03.17-22.48.59:029][547]LogBlueprintUserMessages: [Ship_2] 1288.0
[2020.03.17-22.49.01:057][706]LogSlate: FSceneViewport::OnFocusLost() reason 0
[2020.03.17-22.49.04:438][978]LogBlueprintUserMessages: [Ship_2] 1303.0
[2020.03.17-22.49.09:411][383]LogBlueprintUserMessages: Early EndPlayMap Detection: Level '/Game/StarterContent/Maps/Minimal_Default.Minimal_Default:PersistentLevel' has LevelScriptBlueprint '/Game/StarterContent/Maps/Minimal_Default.Minimal_Default:PersistentLevel.Minimal_Default' with GeneratedClass '/Game/StarterContent/Maps/Minimal_Default.Minimal_Default_C' with ClassGeneratedBy '/Game/StarterContent/Maps/Minimal_Default.Minimal_Default:PersistentLevel.Minimal_Default'
[2020.03.17-22.49.09:411][383]LogSlate: Updating window title bar state: overlay mode, drag disabled, window buttons hidden, title bar hidden
[2020.03.17-22.49.09:469][383]LogPlayLevel: Display: Shutting down PIE online subsystems
[2020.03.17-22.49.09:470][383]LogBlueprintUserMessages: Late EndPlayMap Detection: Level '/Game/StarterContent/Maps/Minimal_Default.Minimal_Default:PersistentLevel' has LevelScriptBlueprint '/Game/StarterContent/Maps/Minimal_Default.Minimal_Default:PersistentLevel.Minimal_Default' with GeneratedClass '/Game/StarterContent/Maps/Minimal_Default.Minimal_Default_C' with ClassGeneratedBy '/Game/StarterContent/Maps/Minimal_Default.Minimal_Default:PersistentLevel.Minimal_Default'
[2020.03.17-22.49.09:530][383]LogSlate: Updating window title bar state: overlay mode, drag disabled, window buttons hidden, title bar hidden
[2020.03.17-22.49.09:551][384]LogPlayLevel: Display: Destroying online subsystem :Context_12
[2020.03.17-22.49.37:427][662]LogActorComponent: UnregisterComponent: (/Engine/Transient.EditorFloorComp) Not registered. Aborting.
[2020.03.17-22.49.40:610][839]LogSavePackage: Moving '../../../../../../Users/admin/Documents/GitHub/Atlas-Studios/Asteroids_2020/Saved/Minimal_Default8E83DD484E7B940A1F52F0B5EC60C907.tmp' to '../../../../../../Users/admin/Documents/GitHub/Atlas-Studios/Asteroids_2020/Content/StarterContent/Maps/Minimal_Default.umap'
[2020.03.17-22.49.40:687][839]LogFileHelpers: Saving map 'Minimal_Default' took 0.571
[2020.03.17-22.49.41:003][839]LogSavePackage: Moving '../../../../../../Users/admin/Documents/GitHub/Atlas-Studios/Asteroids_2020/Saved/Ship8E983CD44A9BF023B38A19A909DFCCBC.tmp' to '../../../../../../Users/admin/Documents/GitHub/Atlas-Studios/Asteroids_2020/Content/IndividualFolders/Cameron_McCabe/Ship.uasset'
[2020.03.17-22.49.41:159][839]LogSavePackage: Moving '../../../../../../Users/admin/Documents/GitHub/Atlas-Studios/Asteroids_2020/Saved/DJ_BP_ProjectileF946B585407DB831D238BDA1CBF99018.tmp' to '../../../../../../Users/admin/Documents/GitHub/Atlas-Studios/Asteroids_2020/Content/IndividualFolders/Dan_Jones/DJ_BP_Projectile.uasset'
